<?xml version="1.0" encoding="UTF-8"?>
<testng-results ignored="0" total="1" passed="1" failed="0" skipped="0">
  <reporter-output>
    <line>
      <![CDATA[User is on Login Page]]>
    </line>
  </reporter-output>
  <suite started-at="2024-03-14T13:02:43 IST" name="Default suite" finished-at="2024-03-14T13:03:12 IST" duration-ms="29341">
    <groups>
      <group name="Test">
        <method signature="LoginTest.verifyLoginWithValidCred()[pri:0, instance:TestCases.LoginTest@5f058f00]" name="verifyLoginWithValidCred" class="TestCases.LoginTest"/>
      </group> <!-- Test -->
    </groups>
    <test started-at="2024-03-14T13:02:43 IST" name="Default test" finished-at="2024-03-14T13:03:12 IST" duration-ms="29341">
      <class name="TestCases.LoginTest">
        <test-method is-config="true" signature="setUp(java.lang.String, java.lang.String)[pri:0, instance:TestCases.LoginTest@5f058f00]" started-at="2024-03-14T13:02:43 IST" name="setUp" finished-at="2024-03-14T13:02:46 IST" duration-ms="3317" status="PASS">
          <params>
            <param index="0">
              <value is-null="true"/>
            </param>
            <param index="1">
              <value is-null="true"/>
            </param>
          </params>
          <reporter-output>
          </reporter-output>
        </test-method> <!-- setUp -->
        <test-method is-config="true" signature="openPage()[pri:0, instance:TestCases.LoginTest@5f058f00]" started-at="2024-03-14T13:02:46 IST" name="openPage" finished-at="2024-03-14T13:02:51 IST" duration-ms="4967" status="PASS">
          <reporter-output>
            <line>
              <![CDATA[User is on Login Page]]>
            </line>
          </reporter-output>
        </test-method> <!-- openPage -->
        <test-method signature="verifyLoginWithValidCred()[pri:0, instance:TestCases.LoginTest@5f058f00]" started-at="2024-03-14T13:02:51 IST" name="verifyLoginWithValidCred" finished-at="2024-03-14T13:03:12 IST" duration-ms="20990" status="PASS">
          <reporter-output>
          </reporter-output>
        </test-method> <!-- verifyLoginWithValidCred -->
        <test-method is-config="true" signature="tearDown()[pri:0, instance:TestCases.LoginTest@5f058f00]" started-at="2024-03-14T13:03:12 IST" name="tearDown" finished-at="2024-03-14T13:03:12 IST" duration-ms="1" status="PASS">
          <reporter-output>
          </reporter-output>
        </test-method> <!-- tearDown -->
      </class> <!-- TestCases.LoginTest -->
    </test> <!-- Default test -->
  </suite> <!-- Default suite -->
</testng-results>
